<?xml version="1.0" encoding="UTF-8"?>
<testsuite xmlns:xsi="http://www.w3.org/2001/XMLSchema-instance" xsi:noNamespaceSchemaLocation="https://maven.apache.org/surefire/maven-surefire-plugin/xsd/surefire-test-report-3.0.xsd" version="3.0" name="CareHomeSystemTest" time="0.224" tests="7" errors="0" skipped="0" failures="0">
  <properties>
[...]
</properties>
  <testcase name="mustBeRostered" classname="CareHomeSystemTest" time="0.077">
    <system-out><![CDATA[2025-09-26T16:05:36.754868 | staff=D01 | ADD_STAFF | Doctor{id=D01, name=Dr. Test}
2025-09-26T16:05:36.761502 | staff=N01 | ADD_STAFF | Nurse{id=N01, name=Nurse Test}
2025-09-26T16:05:36.763516 | staff=D01 | ADD_SHIFT | Shift[2025-09-26T14:05 to 2025-09-26T18:05]
2025-09-26T16:05:36.763720 | staff=N01 | ADD_SHIFT | Shift[2025-09-26T14:05 to 2025-09-26T18:05]
2025-09-26T16:05:36.766692 | staff=N02 | ADD_STAFF | Nurse{id=N02, name=Nurse Off}
]]></system-out>
  </testcase>
  <testcase name="addShiftOverWeeklyLimitThrows" classname="CareHomeSystemTest" time="0.015">
    <system-out><![CDATA[2025-09-26T16:05:36.794630 | staff=D01 | ADD_STAFF | Doctor{id=D01, name=Dr. Test}
2025-09-26T16:05:36.794764 | staff=N01 | ADD_STAFF | Nurse{id=N01, name=Nurse Test}
2025-09-26T16:05:36.794928 | staff=D01 | ADD_SHIFT | Shift[2025-09-26T14:05 to 2025-09-26T18:05]
2025-09-26T16:05:36.795057 | staff=N01 | ADD_SHIFT | Shift[2025-09-26T14:05 to 2025-09-26T18:05]
2025-09-26T16:05:36.795550 | staff=N03 | ADD_STAFF | Nurse{id=N03, name=Nurse Cap}
2025-09-26T16:05:36.795696 | staff=N03 | ADD_SHIFT | Shift[2025-09-22T08:00 to 2025-09-22T16:00]
2025-09-26T16:05:36.796052 | staff=N03 | ADD_SHIFT | Shift[2025-09-23T08:00 to 2025-09-23T16:00]
2025-09-26T16:05:36.796252 | staff=N03 | ADD_SHIFT | Shift[2025-09-24T08:00 to 2025-09-24T16:00]
2025-09-26T16:05:36.796442 | staff=N03 | ADD_SHIFT | Shift[2025-09-25T08:00 to 2025-09-25T16:00]
2025-09-26T16:05:36.796636 | staff=N03 | ADD_SHIFT | Shift[2025-09-26T08:00 to 2025-09-26T16:00]
]]></system-out>
  </testcase>
  <testcase name="assignResidentToVacantBed" classname="CareHomeSystemTest" time="0.008">
    <system-out><![CDATA[2025-09-26T16:05:36.811206 | staff=D01 | ADD_STAFF | Doctor{id=D01, name=Dr. Test}
2025-09-26T16:05:36.811369 | staff=N01 | ADD_STAFF | Nurse{id=N01, name=Nurse Test}
2025-09-26T16:05:36.811563 | staff=D01 | ADD_SHIFT | Shift[2025-09-26T14:05 to 2025-09-26T18:05]
2025-09-26T16:05:36.811794 | staff=N01 | ADD_SHIFT | Shift[2025-09-26T14:05 to 2025-09-26T18:05]
2025-09-26T16:05:36.814098 | staff=N01 | ASSIGN_RESIDENT | resident=R1 -> bed=B1
]]></system-out>
  </testcase>
  <testcase name="doctorCreatesPrescription" classname="CareHomeSystemTest" time="0.014">
    <system-out><![CDATA[2025-09-26T16:05:36.836932 | staff=D01 | ADD_STAFF | Doctor{id=D01, name=Dr. Test}
2025-09-26T16:05:36.837155 | staff=N01 | ADD_STAFF | Nurse{id=N01, name=Nurse Test}
2025-09-26T16:05:36.837457 | staff=D01 | ADD_SHIFT | Shift[2025-09-26T14:05 to 2025-09-26T18:05]
2025-09-26T16:05:36.837632 | staff=N01 | ADD_SHIFT | Shift[2025-09-26T14:05 to 2025-09-26T18:05]
2025-09-26T16:05:36.840109 | staff=N01 | ASSIGN_RESIDENT | resident=R1 -> bed=B1
2025-09-26T16:05:36.844678 | staff=D01 | CREATE_PRESCRIPTION | Prescription{id=RX-1, resident=R1, doctor=D01, lines=[Paracetamol 500.0mg @ 08:00,20:00]}
]]></system-out>
  </testcase>
  <testcase name="movingResidentRequiresNurseAuthButNurseIsAuthorized" classname="CareHomeSystemTest" time="0.01">
    <system-out><![CDATA[2025-09-26T16:05:36.851631 | staff=D01 | ADD_STAFF | Doctor{id=D01, name=Dr. Test}
2025-09-26T16:05:36.851799 | staff=N01 | ADD_STAFF | Nurse{id=N01, name=Nurse Test}
2025-09-26T16:05:36.852251 | staff=D01 | ADD_SHIFT | Shift[2025-09-26T14:05 to 2025-09-26T18:05]
2025-09-26T16:05:36.852522 | staff=N01 | ADD_SHIFT | Shift[2025-09-26T14:05 to 2025-09-26T18:05]
2025-09-26T16:05:36.856157 | staff=N01 | ASSIGN_RESIDENT | resident=R1 -> bed=B1
2025-09-26T16:05:36.857714 | staff=N01 | MOVE_RESIDENT | resident=R1 B1 -> B2
]]></system-out>
  </testcase>
  <testcase name="administerLogsEntry" classname="CareHomeSystemTest" time="0.01">
    <system-out><![CDATA[2025-09-26T16:05:36.862363 | staff=D01 | ADD_STAFF | Doctor{id=D01, name=Dr. Test}
2025-09-26T16:05:36.862589 | staff=N01 | ADD_STAFF | Nurse{id=N01, name=Nurse Test}
2025-09-26T16:05:36.862875 | staff=D01 | ADD_SHIFT | Shift[2025-09-26T14:05 to 2025-09-26T18:05]
2025-09-26T16:05:36.863051 | staff=N01 | ADD_SHIFT | Shift[2025-09-26T14:05 to 2025-09-26T18:05]
2025-09-26T16:05:36.863652 | staff=N01 | ASSIGN_RESIDENT | resident=R1 -> bed=B1
2025-09-26T16:05:36.867698 | staff=N01 | ADMINISTER | MedicationLog{resident=R1, staff=N01, Ibuprofen 200.0mg @ 2025-09-26T16:05:36.864115}
]]></system-out>
  </testcase>
  <testcase name="nurseCannotCreatePrescription" classname="CareHomeSystemTest" time="0.01">
    <system-out><![CDATA[2025-09-26T16:05:36.873421 | staff=D01 | ADD_STAFF | Doctor{id=D01, name=Dr. Test}
2025-09-26T16:05:36.873733 | staff=N01 | ADD_STAFF | Nurse{id=N01, name=Nurse Test}
2025-09-26T16:05:36.874187 | staff=D01 | ADD_SHIFT | Shift[2025-09-26T14:05 to 2025-09-26T18:05]
2025-09-26T16:05:36.874333 | staff=N01 | ADD_SHIFT | Shift[2025-09-26T14:05 to 2025-09-26T18:05]
2025-09-26T16:05:36.874968 | staff=N01 | ASSIGN_RESIDENT | resident=R1 -> bed=B1
]]></system-out>
  </testcase>
</testsuite>